This is pdfTeX, Version 3.141592653-2.6-1.40.26 (MiKTeX 24.4) (preloaded format=pdflatex 2024.8.9)  9 AUG 2024 02:02
entering extended mode
 restricted \write18 enabled.
 %&-line parsing enabled.
**./mRNA_Populations_PLOS_GENETICS.tex
(mRNA_Populations_PLOS_GENETICS.tex
LaTeX2e <2024-06-01> patch level 2
L3 programming layer <2024-07-20>
(C:\Users\rauc6\AppData\Local\Programs\MiKTeX\tex/latex/base\article.cls
Document Class: article 2024/02/08 v1.4n Standard LaTeX document class
(C:\Users\rauc6\AppData\Local\Programs\MiKTeX\tex/latex/base\size10.clo
File: size10.clo 2024/02/08 v1.4n Standard LaTeX file (size option)
)
\c@part=\count194
\c@section=\count195
\c@subsection=\count196
\c@subsubsection=\count197
\c@paragraph=\count198
\c@subparagraph=\count199
\c@figure=\count266
\c@table=\count267
\abovecaptionskip=\skip49
\belowcaptionskip=\skip50
\bibindent=\dimen141
)
(C:\Users\rauc6\AppData\Local\Programs\MiKTeX\tex/latex/geometry\geometry.sty
Package: geometry 2020/01/02 v5.9 Page Geometry

(C:\Users\rauc6\AppData\Local\Programs\MiKTeX\tex/latex/graphics\keyval.sty
Package: keyval 2022/05/29 v1.15 key=value parser (DPC)
\KV@toks@=\toks17
)
(C:\Users\rauc6\AppData\Local\Programs\MiKTeX\tex/generic/iftex\ifvtex.sty
Package: ifvtex 2019/10/25 v1.7 ifvtex legacy package. Use iftex instead.

(C:\Users\rauc6\AppData\Local\Programs\MiKTeX\tex/generic/iftex\iftex.sty
Package: iftex 2022/02/03 v1.0f TeX engine tests
))
\Gm@cnth=\count268
\Gm@cntv=\count269
\c@Gm@tempcnt=\count270
\Gm@bindingoffset=\dimen142
\Gm@wd@mp=\dimen143
\Gm@odd@mp=\dimen144
\Gm@even@mp=\dimen145
\Gm@layoutwidth=\dimen146
\Gm@layoutheight=\dimen147
\Gm@layouthoffset=\dimen148
\Gm@layoutvoffset=\dimen149
\Gm@dimlist=\toks18

(C:\Users\rauc6\AppData\Local\Programs\MiKTeX\tex/latex/geometry\geometry.cfg))
(C:\Users\rauc6\AppData\Local\Programs\MiKTeX\tex/latex/amsfonts\amsfonts.sty
Package: amsfonts 2013/01/14 v3.01 Basic AMSFonts support
\@emptytoks=\toks19
\symAMSa=\mathgroup4
\symAMSb=\mathgroup5
LaTeX Font Info:    Redeclaring math symbol \hbar on input line 98.
LaTeX Font Info:    Overwriting math alphabet `\mathfrak' in version `bold'
(Font)                  U/euf/m/n --> U/euf/b/n on input line 106.
)
(C:\Users\rauc6\AppData\Local\Programs\MiKTeX\tex/latex/amsmath\amsmath.sty
Package: amsmath 2024/05/23 v2.17q AMS math features
\@mathmargin=\skip51

For additional information on amsmath, use the `?' option.
(C:\Users\rauc6\AppData\Local\Programs\MiKTeX\tex/latex/amsmath\amstext.sty
Package: amstext 2021/08/26 v2.01 AMS text

(C:\Users\rauc6\AppData\Local\Programs\MiKTeX\tex/latex/amsmath\amsgen.sty
File: amsgen.sty 1999/11/30 v2.0 generic functions
\@emptytoks=\toks20
\ex@=\dimen150
))
(C:\Users\rauc6\AppData\Local\Programs\MiKTeX\tex/latex/amsmath\amsbsy.sty
Package: amsbsy 1999/11/29 v1.2d Bold Symbols
\pmbraise@=\dimen151
)
(C:\Users\rauc6\AppData\Local\Programs\MiKTeX\tex/latex/amsmath\amsopn.sty
Package: amsopn 2022/04/08 v2.04 operator names
)
\inf@bad=\count271
LaTeX Info: Redefining \frac on input line 233.
\uproot@=\count272
\leftroot@=\count273
LaTeX Info: Redefining \overline on input line 398.
LaTeX Info: Redefining \colon on input line 409.
\classnum@=\count274
\DOTSCASE@=\count275
LaTeX Info: Redefining \ldots on input line 495.
LaTeX Info: Redefining \dots on input line 498.
LaTeX Info: Redefining \cdots on input line 619.
\Mathstrutbox@=\box52
\strutbox@=\box53
LaTeX Info: Redefining \big on input line 721.
LaTeX Info: Redefining \Big on input line 722.
LaTeX Info: Redefining \bigg on input line 723.
LaTeX Info: Redefining \Bigg on input line 724.
\big@size=\dimen152
LaTeX Font Info:    Redeclaring font encoding OML on input line 742.
LaTeX Font Info:    Redeclaring font encoding OMS on input line 743.
\macc@depth=\count276
LaTeX Info: Redefining \bmod on input line 904.
LaTeX Info: Redefining \pmod on input line 909.
LaTeX Info: Redefining \smash on input line 939.
LaTeX Info: Redefining \relbar on input line 969.
LaTeX Info: Redefining \Relbar on input line 970.
\c@MaxMatrixCols=\count277
\dotsspace@=\muskip17
\c@parentequation=\count278
\dspbrk@lvl=\count279
\tag@help=\toks21
\row@=\count280
\column@=\count281
\maxfields@=\count282
\andhelp@=\toks22
\eqnshift@=\dimen153
\alignsep@=\dimen154
\tagshift@=\dimen155
\tagwidth@=\dimen156
\totwidth@=\dimen157
\lineht@=\dimen158
\@envbody=\toks23
\multlinegap=\skip52
\multlinetaggap=\skip53
\mathdisplay@stack=\toks24
LaTeX Info: Redefining \[ on input line 2953.
LaTeX Info: Redefining \] on input line 2954.
)
(C:\Users\rauc6\AppData\Local\Programs\MiKTeX\tex/latex/amsfonts\amssymb.sty
Package: amssymb 2013/01/14 v3.01 AMS font symbols
)
(C:\Users\rauc6\AppData\Local\Programs\MiKTeX\tex/latex/amscls\amsthm.sty
Package: amsthm 2020/05/29 v2.20.6
\thm@style=\toks25
\thm@bodyfont=\toks26
\thm@headfont=\toks27
\thm@notefont=\toks28
\thm@headpunct=\toks29
\thm@preskip=\skip54
\thm@postskip=\skip55
\thm@headsep=\skip56
\dth@everypar=\toks30
)
(C:\Users\rauc6\AppData\Local\Programs\MiKTeX\tex/latex/tools\array.sty
Package: array 2024/06/14 v2.6d Tabular extension package (FMi)
\col@sep=\dimen159
\ar@mcellbox=\box54
\extrarowheight=\dimen160
\NC@list=\toks31
\extratabsurround=\skip57
\backup@length=\skip58
\ar@cellbox=\box55
)
(C:\Users\rauc6\AppData\Local\Programs\MiKTeX\tex/latex/blkarray\blkarray.sty
Package: blkarray 2015/02/27 v0.07 Block array (dpc)
\c@BAenumi=\count283
\BA@col=\count284
\BA@block@cnt=\count285
\BA@final@box=\box56
\BA@first@box=\box57
\BA@colsep=\dimen161
\BA@ftn=\toks32
\BAextrarowheight=\dimen162
\BAextraheightafterhline=\dimen163
\BAarrayrulewidth=\dimen164
\BAdoublerulesep=\dimen165
\BAfootskip=\dimen166
\BA@dashbox=\box58
\BA@ddashbox=\box59
)
(C:\Users\rauc6\AppData\Local\Programs\MiKTeX\tex/latex/caption\caption.sty
Package: caption 2023/08/05 v3.6o Customizing captions (AR)

(C:\Users\rauc6\AppData\Local\Programs\MiKTeX\tex/latex/caption\caption3.sty
Package: caption3 2023/07/31 v2.4d caption3 kernel (AR)
\caption@tempdima=\dimen167
\captionmargin=\dimen168
\caption@leftmargin=\dimen169
\caption@rightmargin=\dimen170
\caption@width=\dimen171
\caption@indent=\dimen172
\caption@parindent=\dimen173
\caption@hangindent=\dimen174
Package caption Info: Standard document class detected.
)
\c@caption@flags=\count286
\c@continuedfloat=\count287
)
(C:\Users\rauc6\AppData\Local\Programs\MiKTeX\tex/latex/sttools\cuted.sty
Package: cuted 2021/10/04 v2.0 Mixing onecolumn and twocolumn modes
\At@ViperColsBreak=\toks33
\preCutedStrip=\toks34
\postCutedStrip=\toks35
\cuted@@tempbox@a=\box60
\cuted@@tempbox@c=\box61
\cuted@@tempbox@var=\box62
\hold@viper=\box63
\@viper=\box64
\cuted@@varbox@a=\box65
\cuted@@varbox@c=\box66
\cuted@@tempdim@spread=\dimen175
\cuted@@tempdim@a=\dimen176
\cuted@@tempdim@b=\dimen177
\ht@hold@viper=\dimen178
\ht@viper=\dimen179
\var@@pagediscards@ht=\dimen180
\stripsep=\skip59
\viper@penalty=\count288
)
(C:\Users\rauc6\AppData\Local\Programs\MiKTeX\tex/latex/doublestroke\dsfont.sty
Package: dsfont 1995/08/01 v0.1 Double stroke roman fonts
) (C:\Users\rauc6\AppData\Local\Programs\MiKTeX\tex/latex/tools\enumerate.sty
Package: enumerate 2023/07/04 v3.00 enumerate extensions (DPC)
\@enLab=\toks36
)
(C:\Users\rauc6\AppData\Local\Programs\MiKTeX\tex/latex/framed\framed.sty
Package: framed 2011/10/22 v 0.96: framed or shaded text with page breaks
\OuterFrameSep=\skip60
\fb@frw=\dimen181
\fb@frh=\dimen182
\FrameRule=\dimen183
\FrameSep=\dimen184
)
(C:\Users\rauc6\AppData\Local\Programs\MiKTeX\tex/latex/graphics\graphicx.sty
Package: graphicx 2021/09/16 v1.2d Enhanced LaTeX Graphics (DPC,SPQR)

(C:\Users\rauc6\AppData\Local\Programs\MiKTeX\tex/latex/graphics\graphics.sty
Package: graphics 2024/05/23 v1.4g Standard LaTeX Graphics (DPC,SPQR)

(C:\Users\rauc6\AppData\Local\Programs\MiKTeX\tex/latex/graphics\trig.sty
Package: trig 2023/12/02 v1.11 sin cos tan (DPC)
)
(C:\Users\rauc6\AppData\Local\Programs\MiKTeX\tex/latex/graphics-cfg\graphics.c
fg
File: graphics.cfg 2016/06/04 v1.11 sample graphics configuration
)
Package graphics Info: Driver file: pdftex.def on input line 106.

(C:\Users\rauc6\AppData\Local\Programs\MiKTeX\tex/latex/graphics-def\pdftex.def
File: pdftex.def 2024/04/13 v1.2c Graphics/color driver for pdftex
))
\Gin@req@height=\dimen185
\Gin@req@width=\dimen186
) (C:\Users\rauc6\AppData\Local\Programs\MiKTeX\tex/latex/base\ifthen.sty
Package: ifthen 2024/03/16 v1.1e Standard LaTeX ifthen package (DPC)
)
(C:\Users\rauc6\AppData\Local\Programs\MiKTeX\tex/latex/multirow\multirow.sty
Package: multirow 2021/03/15 v2.8 Span multiple rows of a table
\multirow@colwidth=\skip61
\multirow@cntb=\count289
\multirow@dima=\skip62
\bigstrutjot=\dimen187
)
(C:\Users\rauc6\AppData\Local\Programs\MiKTeX\tex/latex/pdflscape\pdflscape.sty
Package: pdflscape 2022-10-27 v0.13 Display of landscape pages in PDF

(C:\Users\rauc6\AppData\Local\Programs\MiKTeX\tex/latex/pdflscape\pdflscape-nom
etadata.sty
Package: pdflscape-nometadata 2022-10-28 v0.13 Display of landscape pages in PD
F (HO)

(C:\Users\rauc6\AppData\Local\Programs\MiKTeX\tex/latex/graphics\lscape.sty
Package: lscape 2020/05/28 v3.02 Landscape Pages (DPC)
)
Package pdflscape Info: Auto-detected driver: pdftex on input line 81.
))
(C:\Users\rauc6\AppData\Local\Programs\MiKTeX\tex/latex/psnfss\pifont.sty
Package: pifont 2020/03/25 PSNFSS-v9.3 Pi font support (SPQR) 
LaTeX Font Info:    Trying to load font information for U+pzd on input line 63.


(C:\Users\rauc6\AppData\Local\Programs\MiKTeX\tex/latex/psnfss\upzd.fd
File: upzd.fd 2001/06/04 font definitions for U/pzd.
)
LaTeX Font Info:    Trying to load font information for U+psy on input line 64.


(C:\Users\rauc6\AppData\Local\Programs\MiKTeX\tex/latex/psnfss\upsy.fd
File: upsy.fd 2001/06/04 font definitions for U/psy.
))
(C:\Users\rauc6\AppData\Local\Programs\MiKTeX\tex/latex/setspace\setspace.sty
Package: setspace 2022/12/04 v6.7b set line spacing
)
(C:\Users\rauc6\AppData\Local\Programs\MiKTeX\tex/latex/caption\subcaption.sty
Package: subcaption 2023/07/28 v1.6b Sub-captions (AR)
Package caption Info: New subtype `subfigure' on input line 238.
\c@subfigure=\count290
Package caption Info: New subtype `subtable' on input line 238.
\c@subtable=\count291
)
(C:\Users\rauc6\AppData\Local\Programs\MiKTeX\tex/latex/tablefootnote\tablefoot
note.sty
Package: tablefootnote 2014/01/26 v1.1c Table foot notes (HMM)

(C:\Users\rauc6\AppData\Local\Programs\MiKTeX\tex/generic/ltxcmds\ltxcmds.sty
Package: ltxcmds 2023-12-04 v1.26 LaTeX kernel commands for general use (HO)
)
(C:\Users\rauc6\AppData\Local\Programs\MiKTeX\tex/latex/letltxmacro\letltxmacro
.sty
Package: letltxmacro 2019/12/03 v1.6 Let assignment for LaTeX macros (HO)
)
(C:\Users\rauc6\AppData\Local\Programs\MiKTeX\tex/latex/xifthen\xifthen.sty
Package: xifthen 2015/11/05 v1.4.0 Extended ifthen features

(C:\Users\rauc6\AppData\Local\Programs\MiKTeX\tex/latex/tools\calc.sty
Package: calc 2023/07/08 v4.3 Infix arithmetic (KKT,FJ)
\calc@Acount=\count292
\calc@Bcount=\count293
\calc@Adimen=\dimen188
\calc@Bdimen=\dimen189
\calc@Askip=\skip63
\calc@Bskip=\skip64
LaTeX Info: Redefining \setlength on input line 80.
LaTeX Info: Redefining \addtolength on input line 81.
\calc@Ccount=\count294
\calc@Cskip=\skip65
)
(C:\Users\rauc6\AppData\Local\Programs\MiKTeX\tex/latex/ifmtarg\ifmtarg.sty
Package: ifmtarg 2018/04/16 v1.2b check for an empty argument
))
(C:\Users\rauc6\AppData\Local\Programs\MiKTeX\tex/latex/etoolbox\etoolbox.sty
Package: etoolbox 2020/10/05 v2.5k e-TeX tools for LaTeX (JAW)
\etb@tempcnta=\count295
)) (C:\Users\rauc6\AppData\Local\Programs\MiKTeX\tex/latex/url\url.sty
\Urlmuskip=\muskip18
Package: url 2013/09/16  ver 3.4  Verb mode for urls, etc.
)
(C:\Users\rauc6\AppData\Local\Programs\MiKTeX\tex/latex/xargs\xargs.sty
Package: xargs 2008/03/22 v1.1  extended macro definitions  (mpg)

(C:\Users\rauc6\AppData\Local\Programs\MiKTeX\tex/latex/xkeyval\xkeyval.sty
Package: xkeyval 2022/06/16 v2.9 package option processing (HA)

(C:\Users\rauc6\AppData\Local\Programs\MiKTeX\tex/generic/xkeyval\xkeyval.tex
(C:\Users\rauc6\AppData\Local\Programs\MiKTeX\tex/generic/xkeyval\xkvutils.tex
\XKV@toks=\toks37
\XKV@tempa@toks=\toks38
)
\XKV@depth=\count296
File: xkeyval.tex 2014/12/03 v2.7a key=value parser (HA)
))
\xargs@max=\count297
\xargs@toksa=\toks39
\xargs@toksb=\toks40
)
(C:\Users\rauc6\AppData\Local\Programs\MiKTeX\tex/latex/changepage\changepage.s
ty
Package: changepage 2009/10/20 v1.0c check page and change page layout
\c@cp@cntr=\count298
\cp@tempcnt=\count299
) (C:\Users\rauc6\AppData\Local\Programs\MiKTeX\tex/latex/base\textcomp.sty
Package: textcomp 2024/04/24 v2.1b Standard LaTeX package
)
(C:\Users\rauc6\AppData\Local\Programs\MiKTeX\tex/latex/marvosym\marvosym.sty
Package: marvosym 2011/07/20 v2.2 Martin Vogel's Symbols font definitions
)
(C:\Users\rauc6\AppData\Local\Programs\MiKTeX\tex/latex/hyperref\nameref.sty
Package: nameref 2023-11-26 v2.56 Cross-referencing by name of section

(C:\Users\rauc6\AppData\Local\Programs\MiKTeX\tex/latex/refcount\refcount.sty
Package: refcount 2019/12/15 v3.6 Data extraction from label references (HO)

(C:\Users\rauc6\AppData\Local\Programs\MiKTeX\tex/generic/infwarerr\infwarerr.s
ty
Package: infwarerr 2019/12/03 v1.5 Providing info/warning/error messages (HO)
))
(C:\Users\rauc6\AppData\Local\Programs\MiKTeX\tex/generic/gettitlestring\gettit
lestring.sty
Package: gettitlestring 2019/12/15 v1.6 Cleanup title references (HO)

(C:\Users\rauc6\AppData\Local\Programs\MiKTeX\tex/latex/kvoptions\kvoptions.sty
Package: kvoptions 2022-06-15 v3.15 Key value format for package options (HO)

(C:\Users\rauc6\AppData\Local\Programs\MiKTeX\tex/latex/kvsetkeys\kvsetkeys.sty
Package: kvsetkeys 2022-10-05 v1.19 Key value parser (HO)
)))
\c@section@level=\count300
)
(C:\Users\rauc6\AppData\Local\Programs\MiKTeX\tex/latex/hyperref\hyperref.sty
Package: hyperref 2024-07-10 v7.01j Hypertext links for LaTeX

(C:\Users\rauc6\AppData\Local\Programs\MiKTeX\tex/generic/kvdefinekeys\kvdefine
keys.sty
Package: kvdefinekeys 2019-12-19 v1.6 Define keys (HO)
)
(C:\Users\rauc6\AppData\Local\Programs\MiKTeX\tex/generic/pdfescape\pdfescape.s
ty
Package: pdfescape 2019/12/09 v1.15 Implements pdfTeX's escape features (HO)

(C:\Users\rauc6\AppData\Local\Programs\MiKTeX\tex/generic/pdftexcmds\pdftexcmds
.sty
Package: pdftexcmds 2020-06-27 v0.33 Utility functions of pdfTeX for LuaTeX (HO
)
Package pdftexcmds Info: \pdf@primitive is available.
Package pdftexcmds Info: \pdf@ifprimitive is available.
Package pdftexcmds Info: \pdfdraftmode found.
))
(C:\Users\rauc6\AppData\Local\Programs\MiKTeX\tex/latex/hycolor\hycolor.sty
Package: hycolor 2020-01-27 v1.10 Color options for hyperref/bookmark (HO)
)
(C:\Users\rauc6\AppData\Local\Programs\MiKTeX\tex/generic/stringenc\stringenc.s
ty
Package: stringenc 2019/11/29 v1.12 Convert strings between diff. encodings (HO
)
)
\@linkdim=\dimen190
\Hy@linkcounter=\count301
\Hy@pagecounter=\count302
 (C:\Users\rauc6\AppData\Local\Programs\MiKTeX\tex/latex/hyperref\pd1enc.def
File: pd1enc.def 2024-07-10 v7.01j Hyperref: PDFDocEncoding definition (HO)
Now handling font encoding PD1 ...
... no UTF-8 mapping file for font encoding PD1
) (C:\Users\rauc6\AppData\Local\Programs\MiKTeX\tex/generic/intcalc\intcalc.sty
Package: intcalc 2019/12/15 v1.3 Expandable calculations with integers (HO)
)
\Hy@SavedSpaceFactor=\count303
 (C:\Users\rauc6\AppData\Local\Programs\MiKTeX\tex/latex/hyperref\puenc.def
File: puenc.def 2024-07-10 v7.01j Hyperref: PDF Unicode definition (HO)
Now handling font encoding PU ...
... no UTF-8 mapping file for font encoding PU
)
Package hyperref Info: Hyper figures OFF on input line 4157.
Package hyperref Info: Link nesting OFF on input line 4162.
Package hyperref Info: Hyper index ON on input line 4165.
Package hyperref Info: Plain pages OFF on input line 4172.
Package hyperref Info: Backreferencing OFF on input line 4177.
Package hyperref Info: Implicit mode ON; LaTeX internals redefined.
Package hyperref Info: Bookmarks ON on input line 4424.
\c@Hy@tempcnt=\count304
LaTeX Info: Redefining \url on input line 4763.
\XeTeXLinkMargin=\dimen191

(C:\Users\rauc6\AppData\Local\Programs\MiKTeX\tex/generic/bitset\bitset.sty
Package: bitset 2019/12/09 v1.3 Handle bit-vector datatype (HO)

(C:\Users\rauc6\AppData\Local\Programs\MiKTeX\tex/generic/bigintcalc\bigintcalc
.sty
Package: bigintcalc 2019/12/15 v1.5 Expandable calculations on big integers (HO
)
))
\Fld@menulength=\count305
\Field@Width=\dimen192
\Fld@charsize=\dimen193
Package hyperref Info: Hyper figures OFF on input line 6042.
Package hyperref Info: Link nesting OFF on input line 6047.
Package hyperref Info: Hyper index ON on input line 6050.
Package hyperref Info: backreferencing OFF on input line 6057.
Package hyperref Info: Link coloring OFF on input line 6062.
Package hyperref Info: Link coloring with OCG OFF on input line 6067.
Package hyperref Info: PDF/A mode OFF on input line 6072.

(C:\Users\rauc6\AppData\Local\Programs\MiKTeX\tex/latex/base\atbegshi-ltx.sty
Package: atbegshi-ltx 2021/01/10 v1.0c Emulation of the original atbegshi
package with kernel methods
)
\Hy@abspage=\count306
\c@Item=\count307
\c@Hfootnote=\count308
)
Package hyperref Info: Driver (autodetected): hpdftex.
(C:\Users\rauc6\AppData\Local\Programs\MiKTeX\tex/latex/hyperref\hpdftex.def
File: hpdftex.def 2024-07-10 v7.01j Hyperref driver for pdfTeX

(C:\Users\rauc6\AppData\Local\Programs\MiKTeX\tex/latex/base\atveryend-ltx.sty
Package: atveryend-ltx 2020/08/19 v1.0a Emulation of the original atveryend pac
kage
with kernel methods
)
\Fld@listcount=\count309
\c@bookmark@seq@number=\count310

(C:\Users\rauc6\AppData\Local\Programs\MiKTeX\tex/latex/rerunfilecheck\rerunfil
echeck.sty
Package: rerunfilecheck 2022-07-10 v1.10 Rerun checks for auxiliary files (HO)

(C:\Users\rauc6\AppData\Local\Programs\MiKTeX\tex/generic/uniquecounter\uniquec
ounter.sty
Package: uniquecounter 2019/12/15 v1.4 Provide unlimited unique counter (HO)
)
Package uniquecounter Info: New unique counter `rerunfilecheck' on input line 2
85.
)
\Hy@SectionHShift=\skip66
)
(C:\Users\rauc6\AppData\Local\Programs\MiKTeX\tex/latex/lineno\lineno.sty
Package: lineno 2023/05/20 line numbers on paragraphs v5.3
\linenopenalty=\count311
\output=\toks41
\linenoprevgraf=\count312
\linenumbersep=\dimen194
\linenumberwidth=\dimen195
\c@linenumber=\count313
\c@pagewiselinenumber=\count314
\c@LN@truepage=\count315
\c@internallinenumber=\count316
\c@internallinenumbers=\count317
\quotelinenumbersep=\dimen196
\bframerule=\dimen197
\bframesep=\dimen198
\bframebox=\box67
\linenoamsmath@ams@eqpen=\count318
LaTeX Info: Redefining \\ on input line 3180.
)
(C:\Users\rauc6\AppData\Local\Programs\MiKTeX\tex/latex/microtype\microtype.sty
Package: microtype 2024/03/29 v3.1b Micro-typographical refinements (RS)
\MT@toks=\toks42
\MT@tempbox=\box68
\MT@count=\count319
LaTeX Info: Redefining \noprotrusionifhmode on input line 1061.
LaTeX Info: Redefining \leftprotrusion on input line 1062.
\MT@prot@toks=\toks43
LaTeX Info: Redefining \rightprotrusion on input line 1081.
LaTeX Info: Redefining \textls on input line 1392.
\MT@outer@kern=\dimen199
LaTeX Info: Redefining \textmicrotypecontext on input line 2013.
\MT@listname@count=\count320

(C:\Users\rauc6\AppData\Local\Programs\MiKTeX\tex/latex/microtype\microtype-pdf
tex.def
File: microtype-pdftex.def 2024/03/29 v3.1b Definitions specific to pdftex (RS)

LaTeX Info: Redefining \lsstyle on input line 902.
LaTeX Info: Redefining \lslig on input line 902.
\MT@outer@space=\skip67
)
Package microtype Info: Loading configuration file microtype.cfg.

(C:\Users\rauc6\AppData\Local\Programs\MiKTeX\tex/latex/microtype\microtype.cfg
File: microtype.cfg 2024/03/29 v3.1b microtype main configuration file (RS)
)) (C:\Users\rauc6\AppData\Local\Programs\MiKTeX\tex/latex/xcolor\xcolor.sty
Package: xcolor 2023/11/15 v3.01 LaTeX color extensions (UK)

(C:\Users\rauc6\AppData\Local\Programs\MiKTeX\tex/latex/graphics-cfg\color.cfg
File: color.cfg 2016/01/02 v1.6 sample color configuration
)
Package xcolor Info: Driver file: pdftex.def on input line 274.
(C:\Users\rauc6\AppData\Local\Programs\MiKTeX\tex/latex/graphics\mathcolor.ltx)
Package xcolor Info: Model `cmy' substituted by `cmy0' on input line 1350.
Package xcolor Info: Model `hsb' substituted by `rgb' on input line 1354.
Package xcolor Info: Model `RGB' extended on input line 1366.
Package xcolor Info: Model `HTML' substituted by `rgb' on input line 1368.
Package xcolor Info: Model `Hsb' substituted by `hsb' on input line 1369.
Package xcolor Info: Model `tHsb' substituted by `hsb' on input line 1370.
Package xcolor Info: Model `HSB' substituted by `hsb' on input line 1371.
Package xcolor Info: Model `Gray' substituted by `gray' on input line 1372.
Package xcolor Info: Model `wave' substituted by `hsb' on input line 1373.
) (C:\Users\rauc6\AppData\Local\Programs\MiKTeX\tex/latex/colortbl\colortbl.sty
Package: colortbl 2024/07/06 v1.0i Color table columns (DPC)
\everycr=\toks44
\minrowclearance=\skip68
\rownum=\count321
)
\savedwidth=\skip69
 (C:\Users\rauc6\AppData\Local\Programs\MiKTeX\tex/latex/lastpage\lastpage.sty
Package: lastpage 2024/07/07 v2.1c lastpage: 2.09 or 2e? (HMM)

(C:\Users\rauc6\AppData\Local\Programs\MiKTeX\tex/latex/lastpage\lastpage2e.sty
Package: lastpage2e 2024/07/07 v2.1c Decide which 2e lastpage version to use (H
MM)

(C:\Users\rauc6\AppData\Local\Programs\MiKTeX\tex/latex/lastpage\lastpagemodern
.sty
Package: lastpagemodern 2024-07-07 v2.1c Refers to last page's name (HMM; JPG)
\c@lastpagecount=\count322
) 
))
(C:\Users\rauc6\AppData\Local\Programs\MiKTeX\tex/latex/fancyhdr\fancyhdr.sty
Package: fancyhdr 2024/07/23 v4.3.1 Extensive control of page headers and foote
rs
\f@nch@headwidth=\skip70
\f@nch@O@elh=\skip71
\f@nch@O@erh=\skip72
\f@nch@O@olh=\skip73
\f@nch@O@orh=\skip74
\f@nch@O@elf=\skip75
\f@nch@O@erf=\skip76
\f@nch@O@olf=\skip77
\f@nch@O@orf=\skip78
)
(C:\Users\rauc6\AppData\Local\Programs\MiKTeX\tex/latex/epstopdf-pkg\epstopdf.s
ty
Package: epstopdf 2020-01-24 v2.11 Conversion with epstopdf on the fly (HO)
 (C:\Users\rauc6\AppData\Local\Programs\MiKTeX\tex/latex/grfext\grfext.sty
Package: grfext 2019/12/03 v1.3 Manage graphics extensions (HO)
)
(C:\Users\rauc6\AppData\Local\Programs\MiKTeX\tex/latex/epstopdf-pkg\epstopdf-b
ase.sty
Package: epstopdf-base 2020-01-24 v2.11 Base part for package epstopdf
Package epstopdf-base Info: Redefining graphics rule for `.eps' on input line 4
85.
Package grfext Info: Graphics extension search list:
(grfext)             [.pdf,.png,.jpg,.mps,.jpeg,.jbig2,.jb2,.PDF,.PNG,.JPG,.JPE
G,.JBIG2,.JB2,.eps]
(grfext)             \AppendGraphicsExtensions on input line 504.

(C:\Users\rauc6\AppData\Local\Programs\MiKTeX\tex/latex/00miktex\epstopdf-sys.c
fg
File: epstopdf-sys.cfg 2021/03/18 v2.0 Configuration of epstopdf for MiKTeX
))) (C:\Users\rauc6\AppData\Local\Programs\MiKTeX\tex/latex/ulem\ulem.sty
\UL@box=\box69
\UL@hyphenbox=\box70
\UL@skip=\skip79
\UL@hook=\toks45
\UL@height=\dimen256
\UL@pe=\count323
\UL@pixel=\dimen257
\ULC@box=\box71
Package: ulem 2019/11/18
\ULdepth=\dimen258
)
(C:\Users\rauc6\AppData\Local\Programs\MiKTeX\tex/latex/tools\xspace.sty
Package: xspace 2014/10/28 v1.13 Space after command names (DPC,MH)
)
(C:\Users\rauc6\AppData\Local\Programs\MiKTeX\tex/latex/l3backend\l3backend-pdf
tex.def
File: l3backend-pdftex.def 2024-05-08 L3 backend support: PDF output (pdfTeX)
\l__color_backend_stack_int=\count324
\l__pdf_internal_box=\box72
) (mRNA_Populations_PLOS_GENETICS.aux)
\openout1 = `mRNA_Populations_PLOS_GENETICS.aux'.

LaTeX Font Info:    Checking defaults for OML/cmm/m/it on input line 169.
LaTeX Font Info:    ... okay on input line 169.
LaTeX Font Info:    Checking defaults for OMS/cmsy/m/n on input line 169.
LaTeX Font Info:    ... okay on input line 169.
LaTeX Font Info:    Checking defaults for OT1/cmr/m/n on input line 169.
LaTeX Font Info:    ... okay on input line 169.
LaTeX Font Info:    Checking defaults for T1/cmr/m/n on input line 169.
LaTeX Font Info:    ... okay on input line 169.
LaTeX Font Info:    Checking defaults for TS1/cmr/m/n on input line 169.
LaTeX Font Info:    ... okay on input line 169.
LaTeX Font Info:    Checking defaults for OMX/cmex/m/n on input line 169.
LaTeX Font Info:    ... okay on input line 169.
LaTeX Font Info:    Checking defaults for U/cmr/m/n on input line 169.
LaTeX Font Info:    ... okay on input line 169.
LaTeX Font Info:    Checking defaults for PD1/pdf/m/n on input line 169.
LaTeX Font Info:    ... okay on input line 169.
LaTeX Font Info:    Checking defaults for PU/pdf/m/n on input line 169.
LaTeX Font Info:    ... okay on input line 169.

*geometry* driver: auto-detecting
*geometry* detected driver: pdftex
*geometry* verbose mode - [ preamble ] result:
* driver: pdftex
* paper: letterpaper
* layout: <same size as paper>
* layoutoffset:(h,v)=(0.0pt,0.0pt)
* modes: 
* h-part:(L,W,R)=(198.7425pt, 323.40732pt, 92.14519pt)
* v-part:(T,H,B)=(61.42993pt, 638.14268pt, 95.39737pt)
* \paperwidth=614.295pt
* \paperheight=794.96999pt
* \textwidth=379.4175pt
* \textheight=632.36249pt
* \oddsidemargin=126.4725pt
* \evensidemargin=126.4725pt
* \topmargin=-47.84006pt
* \headheight=12.0pt
* \headsep=25.0pt
* \topskip=10.0pt
* \footskip=54.2025pt
* \marginparwidth=65.0pt
* \marginparsep=11.0pt
* \columnsep=10.0pt
* \skip\footins=9.0pt plus 4.0pt minus 2.0pt
* \hoffset=0.0pt
* \voffset=0.0pt
* \mag=1000
* \@twocolumnfalse
* \@twosidefalse
* \@mparswitchfalse
* \@reversemarginfalse
* (1in=72.27pt=25.4mm, 1cm=28.453pt)

Package caption Info: Begin \AtBeginDocument code.
Package caption Info: changepage package is loaded.
\caption@adjustwidth@hsize=\dimen259
\caption@adjustwidth@linewidth=\dimen260
Package caption Info: hyperref package is loaded.
Package caption Info: End \AtBeginDocument code.

(C:\Users\rauc6\AppData\Local\Programs\MiKTeX\tex/context/base/mkii\supp-pdf.mk
ii
[Loading MPS to PDF converter (version 2006.09.02).]
\scratchcounter=\count325
\scratchdimen=\dimen261
\scratchbox=\box73
\nofMPsegments=\count326
\nofMParguments=\count327
\everyMPshowfont=\toks46
\MPscratchCnt=\count328
\MPscratchDim=\dimen262
\MPnumerator=\count329
\makeMPintoPDFobject=\count330
\everyMPtoPDFconversion=\toks47
)
Package hyperref Info: Link coloring OFF on input line 169.
 (mRNA_Populations_PLOS_GENETICS.out) (mRNA_Populations_PLOS_GENETICS.out)
\@outlinefile=\write3
\openout3 = `mRNA_Populations_PLOS_GENETICS.out'.

LaTeX Info: Redefining \microtypecontext on input line 169.
Package microtype Info: Applying patch `item' on input line 169.
Package microtype Info: Applying patch `toc' on input line 169.
Package microtype Info: Applying patch `footnote' on input line 169.
Package microtype Info: Applying patch `verbatim' on input line 169.
Package microtype Info: Generating PDF output.
Package microtype Info: Character protrusion enabled (level 2).
Package microtype Info: Using default protrusion set `alltext'.
Package microtype Info: Automatic font expansion enabled (level 2),
(microtype)             stretch: 20, shrink: 20, step: 1, non-selected.
Package microtype Info: Using default expansion set `alltext-nott'.
LaTeX Info: Redefining \showhyphens on input line 169.
Package microtype Info: No adjustment of tracking.
Package microtype Info: No adjustment of interword spacing.
Package microtype Info: No adjustment of character kerning.

(C:\Users\rauc6\AppData\Local\Programs\MiKTeX\tex/latex/microtype\mt-cmr.cfg
File: mt-cmr.cfg 2013/05/19 v2.2 microtype config. file: Computer Modern Roman 
(RS)
)
LaTeX Font Info:    Trying to load font information for U+msa on input line 179
.

(C:\Users\rauc6\AppData\Local\Programs\MiKTeX\tex/latex/amsfonts\umsa.fd
File: umsa.fd 2013/01/14 v3.01 AMS symbols A
)
(C:\Users\rauc6\AppData\Local\Programs\MiKTeX\tex/latex/microtype\mt-msa.cfg
File: mt-msa.cfg 2006/02/04 v1.1 microtype config. file: AMS symbols (a) (RS)
)
LaTeX Font Info:    Trying to load font information for U+msb on input line 179
.

(C:\Users\rauc6\AppData\Local\Programs\MiKTeX\tex/latex/amsfonts\umsb.fd
File: umsb.fd 2013/01/14 v3.01 AMS symbols B
)
(C:\Users\rauc6\AppData\Local\Programs\MiKTeX\tex/latex/microtype\mt-msb.cfg
File: mt-msb.cfg 2005/06/01 v1.0 microtype config. file: AMS symbols (b) (RS)
)
Package microtype Info: Loading generic protrusion settings for font family
(microtype)             `cmss' (encoding: OT1).
(microtype)             For optimal results, create family-specific settings.
(microtype)             See the microtype manual for details.


[1

{C:/Users/rauc6/AppData/Local/MiKTeX/fonts/map/pdftex/pdftex.map}]
<Images/Figure1_biomodel_V3.png, id=132, 1286.6469pt x 1012.2618pt>
File: Images/Figure1_biomodel_V3.png Graphic file (type png)
<use Images/Figure1_biomodel_V3.png>
Package pdftex.def Info: Images/Figure1_biomodel_V3.png  used on input line 238
.
(pdftex.def)             Requested size: 341.43306pt x 268.61879pt.


[2]

[3 <./Images/Figure1_biomodel_V3.png (PNG copy)>]
CUTED [- LAST -]
Extra skip:34.71982pt
Left:206.30476pt/8.3595pt
Right:178.0pt/1.94444pt
Split: 207.27657pt
Output:207.27657pt
Pageshrink: 0.0pt
Pagestretch: 0.0pt
@colht:632.36249pt
CUTED [output]: 207.27657pt
CUTED [leftcolumn badness]: 1000000
CUTED [rightcolumn badness]: 10000

Overfull \hbox (379.4175pt too wide) has occurred while \output is active
[] []|[] []
 []


Overfull \hbox (69.19763pt too wide) in paragraph at lines 326--345
 [] 
 []



[4]

[5]

LaTeX Warning: Reference `eq:decapped_abundance' on page 6 undefined on input l
ine 383.



[6]
Package microtype Info: Loading generic protrusion settings for font family
(microtype)             `cmtt' (encoding: OT1).
(microtype)             For optimal results, create family-specific settings.
(microtype)             See the microtype manual for details.


LaTeX Warning: Reference `eq:decapped_solution' on page 7 undefined on input li
ne 453.



[7]
<Images/2023-07-04_parameter_histograms.png, id=228, 363.759pt x 504.6855pt>
File: Images/2023-07-04_parameter_histograms.png Graphic file (type png)
<use Images/2023-07-04_parameter_histograms.png>
Package pdftex.def Info: Images/2023-07-04_parameter_histograms.png  used on in
put line 490.
(pdftex.def)             Requested size: 341.43306pt x 473.71906pt.


[8]

[9 <./Images/2023-07-04_parameter_histograms.png (PNG copy)>]
<Images/2023-07-04_Unmarked_slices.png, id=251, 265.7127pt x 411.939pt>
File: Images/2023-07-04_Unmarked_slices.png Graphic file (type png)
<use Images/2023-07-04_Unmarked_slices.png>
Package pdftex.def Info: Images/2023-07-04_Unmarked_slices.png  used on input l
ine 523.
(pdftex.def)             Requested size: 213.39566pt x 330.8402pt.


LaTeX Warning: Reference `eq:decapped_solution' on page 10 undefined on input l
ine 532.



[10 <./Images/2023-07-04_Unmarked_slices.png (PNG copy)>]
<Images/2023-07-04_Marked_slices.png, id=258, 265.4718pt x 411.939pt>
File: Images/2023-07-04_Marked_slices.png Graphic file (type png)
<use Images/2023-07-04_Marked_slices.png>
Package pdftex.def Info: Images/2023-07-04_Marked_slices.png  used on input lin
e 541.
(pdftex.def)             Requested size: 213.39566pt x 331.12933pt.
<Images/2023-07-09_Figure1_DIIvsDDI_medianlength_low_marking_with_labels.png, i
d=259, 344.9688pt x 442.7742pt>
File: Images/2023-07-09_Figure1_DIIvsDDI_medianlength_low_marking_with_labels.p
ng Graphic file (type png)
<use Images/2023-07-09_Figure1_DIIvsDDI_medianlength_low_marking_with_labels.pn
g>
Package pdftex.def Info: Images/2023-07-09_Figure1_DIIvsDDI_medianlength_low_ma
rking_with_labels.png  used on input line 558.
(pdftex.def)             Requested size: 213.39566pt x 273.9091pt.


[11 <./Images/2023-07-04_Marked_slices.png (PNG copy)>]
<Images/2023-07-09_Figure2_Marking_Rate_range_medianlength_with_labels.png, id=
267, 578.16pt x 438.6789pt>
File: Images/2023-07-09_Figure2_Marking_Rate_range_medianlength_with_labels.png
 Graphic file (type png)
<use Images/2023-07-09_Figure2_Marking_Rate_range_medianlength_with_labels.png>

Package pdftex.def Info: Images/2023-07-09_Figure2_Marking_Rate_range_medianlen
gth_with_labels.png  used on input line 576.
(pdftex.def)             Requested size: 398.33858pt x 302.24028pt.

Overfull \hbox (18.92108pt too wide) in paragraph at lines 576--577
 [] 
 []

<Images/2023-07-09_Figure2_At_Marking_Rate_range_medianlength_with_labels.png, 
id=268, 578.16pt x 438.6789pt>
File: Images/2023-07-09_Figure2_At_Marking_Rate_range_medianlength_with_labels.
png Graphic file (type png)
<use Images/2023-07-09_Figure2_At_Marking_Rate_range_medianlength_with_labels.p
ng>
Package pdftex.def Info: Images/2023-07-09_Figure2_At_Marking_Rate_range_median
length_with_labels.png  used on input line 592.
(pdftex.def)             Requested size: 398.33858pt x 302.24028pt.

Overfull \hbox (18.92108pt too wide) in paragraph at lines 592--593
 [] 
 []



[12 <./Images/2023-07-09_Figure1_DIIvsDDI_medianlength_low_marking_with_labels.
png (PNG copy)>]
<Images/2023-07-28_logodds.png, id=276, 361.35pt x 361.35pt>
File: Images/2023-07-28_logodds.png Graphic file (type png)
<use Images/2023-07-28_logodds.png>
Package pdftex.def Info: Images/2023-07-28_logodds.png  used on input line 619.

(pdftex.def)             Requested size: 199.16928pt x 199.16766pt.


Package hyperref Warning: Token not allowed in a PDF string (Unicode):
(hyperref)                removing `subscript' on input line 625.


Package hyperref Warning: Token not allowed in a PDF string (Unicode):
(hyperref)                removing `\max' on input line 625.



[13 <./Images/2023-07-09_Figure2_Marking_Rate_range_medianlength_with_labels.pn
g (PNG copy)>]
<Images/MRL.png, id=289, 429.7656pt x 227.4096pt>
File: Images/MRL.png Graphic file (type png)
<use Images/MRL.png>
Package pdftex.def Info: Images/MRL.png  used on input line 635.
(pdftex.def)             Requested size: 341.43306pt x 180.67178pt.
<Images/2023-07-17_Protein_Production_v2.png, id=290, 372.4314pt x 344.2461pt>
File: Images/2023-07-17_Protein_Production_v2.png Graphic file (type png)
<use Images/2023-07-17_Protein_Production_v2.png>
Package pdftex.def Info: Images/2023-07-17_Protein_Production_v2.png  used on i
nput line 656.
(pdftex.def)             Requested size: 341.43306pt x 315.61241pt.


[14 <./Images/2023-07-09_Figure2_At_Marking_Rate_range_medianlength_with_labels
.png (PNG copy)>]

[15 <./Images/2023-07-28_logodds.png> <./Images/MRL.png (PNG copy)>]
<Images/Duc_Song_vs_model_log.png, id=313, 361.35pt x 361.35pt>
File: Images/Duc_Song_vs_model_log.png Graphic file (type png)
<use Images/Duc_Song_vs_model_log.png>
Package pdftex.def Info: Images/Duc_Song_vs_model_log.png  used on input line 6
79.
(pdftex.def)             Requested size: 213.39566pt x 213.39867pt.


[16 <./Images/2023-07-17_Protein_Production_v2.png (PNG copy)>]

[17 <./Images/Duc_Song_vs_model_log.png>]

LaTeX Warning: Reference `eq:decapped_solution' on page 18 undefined on input l
ine 726.



[18]

[19]

LaTeX Warning: Reference `eq:full_matrix' on page 20 undefined on input line 80
2.


LaTeX Warning: Reference `eq:full_matrix' on page 20 undefined on input line 80
6.


LaTeX Warning: Reference `eq:capped_matrix' on page 20 undefined on input line 
813.


LaTeX Warning: Reference `eq:decapped_matrix' on page 20 undefined on input lin
e 816.



[20]
Overfull \hbox (171.02434pt too wide) detected at line 831
[][][][] \OT1/cmr/m/n/10 = [] \OML/cmm/m/it/10 :
 []


LaTeX Warning: Reference `eq:capped_matrix' on page 21 undefined on input line 
833.


LaTeX Warning: Reference `eq:capped_matrix' on page 21 undefined on input line 
834.


LaTeX Warning: Reference `eq:full_matrix' on page 21 undefined on input line 83
6.



[21]
CUTED [- LAST -]
Extra skip:10.0pt
Left:10.0pt/0.0pt
Right:0.0pt/0.0pt
Split: 5.0pt
Output:5.0pt
Pageshrink: 0.0pt
Pagestretch: 0.0pt
@colht:632.36249pt
CUTED [output]: 5.0pt
CUTED [leftcolumn badness]: 1000000
CUTED [rightcolumn badness]: 0

Overfull \hbox (379.4175pt too wide) has occurred while \output is active
[] []|[] []
 []


LaTeX Warning: Reference `eq:capped_matrix' on page 22 undefined on input line 
856.



[22] (mRNA_Populations_PLOS_GENETICS.bbl

[23]

[24]

[25])
pdfTeX warning (ext4): destination with the same identifier (name{cite.RN21}) h
as been already used, duplicate ignored
<to be read again> 
                   \relax 
l.915 \bibitem{RN21}
                    
pdfTeX warning (ext4): destination with the same identifier (name{cite.RN8}) ha
s been already used, duplicate ignored
<to be read again> 
                   \relax 
l.920 \bibitem{RN8}
                   
pdfTeX warning (ext4): destination with the same identifier (name{cite.RN1}) ha
s been already used, duplicate ignored
<to be read again> 
                   \relax 
l.925 \bibitem{RN1}
                   
pdfTeX warning (ext4): destination with the same identifier (name{cite.RN3}) ha
s been already used, duplicate ignored
<to be read again> 
                   \relax 
l.935 \bibitem{RN3}
                   
pdfTeX warning (ext4): destination with the same identifier (name{cite.RN26}) h
as been already used, duplicate ignored
<to be read again> 
                   \relax 
l.940 \bibitem{RN26}
                    

[26
pdfTeX warning (ext4): destination with the same identifier (name{cite.RN40}) h
as been already used, duplicate ignored
<argument> ...shipout:D \box_use:N \l_shipout_box 
                                                  \__shipout_drop_firstpage_...
l.944 
      ]
pdfTeX warning (ext4): destination with the same identifier (name{cite.RN13}) h
as been already used, duplicate ignored
<to be read again> 
                   \relax 
l.945 \bibitem{RN13}
                    
pdfTeX warning (ext4): destination with the same identifier (name{cite.RN35}) h
as been already used, duplicate ignored
<to be read again> 
                   \relax 
l.950 \bibitem{RN35}
                    
pdfTeX warning (ext4): destination with the same identifier (name{cite.RN23}) h
as been already used, duplicate ignored
<to be read again> 
                   \relax 
l.955 \bibitem{RN23}
                    
pdfTeX warning (ext4): destination with the same identifier (name{cite.RN6}) ha
s been already used, duplicate ignored
<to be read again> 
                   \relax 
l.960 \bibitem{RN6}
                   
pdfTeX warning (ext4): destination with the same identifier (name{cite.RN7}) ha
s been already used, duplicate ignored
<to be read again> 
                   \relax 
l.965 \bibitem{RN7}
                   
pdfTeX warning (ext4): destination with the same identifier (name{cite.RN25}) h
as been already used, duplicate ignored
<to be read again> 
                   \relax 
l.970 \bibitem{RN25}
                    
pdfTeX warning (ext4): destination with the same identifier (name{cite.RN36}) h
as been already used, duplicate ignored
<to be read again> 
                   \relax 
l.975 \bibitem{RN36}
                    
pdfTeX warning (ext4): destination with the same identifier (name{cite.RN34}) h
as been already used, duplicate ignored
<to be read again> 
                   \relax 
l.980 \bibitem{RN34}
                    
pdfTeX warning (ext4): destination with the same identifier (name{cite.RN9}) ha
s been already used, duplicate ignored
<to be read again> 
                   \relax 
l.985 \bibitem{RN9}
                   
pdfTeX warning (ext4): destination with the same identifier (name{cite.RN38}) h
as been already used, duplicate ignored
<to be read again> 
                   \relax 
l.990 \bibitem{RN38}
                    
pdfTeX warning (ext4): destination with the same identifier (name{cite.RN30}) h
as been already used, duplicate ignored
<to be read again> 
                   \relax 
l.995 \bibitem{RN30}
                    
pdfTeX warning (ext4): destination with the same identifier (name{cite.RN16}) h
as been already used, duplicate ignored
<to be read again> 
                   \relax 
l.1000 \bibitem{RN16}
                     
pdfTeX warning (ext4): destination with the same identifier (name{cite.RN4}) ha
s been already used, duplicate ignored
<to be read again> 
                   \relax 
l.1005 \bibitem{RN4}
                    
pdfTeX warning (ext4): destination with the same identifier (name{cite.RN27}) h
as been already used, duplicate ignored
<to be read again> 
                   \relax 
l.1010 \bibitem{RN27}
                     
pdfTeX warning (ext4): destination with the same identifier (name{cite.RN15}) h
as been already used, duplicate ignored
<to be read again> 
                   \relax 
l.1015 \bibitem{RN15}
                     
pdfTeX warning (ext4): destination with the same identifier (name{cite.RN17}) h
as been already used, duplicate ignored
<to be read again> 
                   \relax 
l.1020 \bibitem{RN17}
                     

[27]
pdfTeX warning (ext4): destination with the same identifier (name{cite.RN14}) h
as been already used, duplicate ignored
<to be read again> 
                   \relax 
l.1025 \bibitem{RN14}
                     
pdfTeX warning (ext4): destination with the same identifier (name{cite.RN5}) ha
s been already used, duplicate ignored
<to be read again> 
                   \relax 
l.1030 \bibitem{RN5}
                    
pdfTeX warning (ext4): destination with the same identifier (name{cite.RN28}) h
as been already used, duplicate ignored
<to be read again> 
                   \relax 
l.1035 \bibitem{RN28}
                     
pdfTeX warning (ext4): destination with the same identifier (name{cite.RN2}) ha
s been already used, duplicate ignored
<to be read again> 
                   \relax 
l.1040 \bibitem{RN2}
                    
pdfTeX warning (ext4): destination with the same identifier (name{cite.RN22}) h
as been already used, duplicate ignored
<to be read again> 
                   \relax 
l.1045 \bibitem{RN22}
                     
pdfTeX warning (ext4): destination with the same identifier (name{cite.RN12}) h
as been already used, duplicate ignored
<to be read again> 
                   \relax 
l.1050 \bibitem{RN12}
                     
pdfTeX warning (ext4): destination with the same identifier (name{cite.RN32}) h
as been already used, duplicate ignored
<to be read again> 
                   \relax 
l.1055 \bibitem{RN32}
                     
pdfTeX warning (ext4): destination with the same identifier (name{cite.RN29}) h
as been already used, duplicate ignored
<to be read again> 
                   \relax 
l.1060 \bibitem{RN29}
                     
pdfTeX warning (ext4): destination with the same identifier (name{cite.RN33}) h
as been already used, duplicate ignored
<to be read again> 
                   \relax 
l.1065 \bibitem{RN33}
                     
pdfTeX warning (ext4): destination with the same identifier (name{cite.RN39}) h
as been already used, duplicate ignored
<to be read again> 
                   \relax 
l.1075 \bibitem{RN39}
                     
pdfTeX warning (ext4): destination with the same identifier (name{cite.RN10}) h
as been already used, duplicate ignored
<to be read again> 
                   \relax 
l.1080 \bibitem{RN10}
                     
pdfTeX warning (ext4): destination with the same identifier (name{cite.RN18}) h
as been already used, duplicate ignored
<to be read again> 
                   \relax 
l.1085 \bibitem{RN18}
                     
pdfTeX warning (ext4): destination with the same identifier (name{cite.RN19}) h
as been already used, duplicate ignored
<to be read again> 
                   \relax 
l.1090 \bibitem{RN19}
                     
pdfTeX warning (ext4): destination with the same identifier (name{cite.RN11}) h
as been already used, duplicate ignored
<to be read again> 
                   \relax 
l.1095 \bibitem{RN11}
                     
pdfTeX warning (ext4): destination with the same identifier (name{cite.RN31}) h
as been already used, duplicate ignored
<to be read again> 
                   \relax 
l.1100 \bibitem{RN31}
                     

[28]
pdfTeX warning (ext4): destination with the same identifier (name{cite.RN24}) h
as been already used, duplicate ignored
<to be read again> 
                   \relax 
l.1105 \bibitem{RN24}
                     
pdfTeX warning (ext4): destination with the same identifier (name{cite.RN20}) h
as been already used, duplicate ignored
<to be read again> 
                   \relax 
l.1110 \bibitem{RN20}
                     
pdfTeX warning (ext4): destination with the same identifier (name{cite.RN41}) h
as been already used, duplicate ignored
<to be read again> 
                   \relax 
l.1115 \bibitem{RN41}
                     
pdfTeX warning (ext4): destination with the same identifier (name{cite.RN42}) h
as been already used, duplicate ignored
<to be read again> 
                   \relax 
l.1120 \bibitem{RN42}
                     
pdfTeX warning (ext4): destination with the same identifier (name{cite.RN43}) h
as been already used, duplicate ignored
<to be read again> 
                   \relax 
l.1125 \bibitem{RN43}
                     

[29] 
enddocument/afterlastpage: lastpage setting LastPage.
(mRNA_Populations_PLOS_GENETICS.aux)
 ***********
LaTeX2e <2024-06-01> patch level 2
L3 programming layer <2024-07-20>
 ***********


LaTeX Warning: There were undefined references.


LaTeX Warning: Label(s) may have changed. Rerun to get cross-references right.

Package rerunfilecheck Info: File `mRNA_Populations_PLOS_GENETICS.out' has not 
changed.
(rerunfilecheck)             Checksum: 0B8BE320A43DCD26592DDEAA1B1C0EC3;6677.
 ) 
Here is how much of TeX's memory you used:
 17062 strings out of 473899
 277362 string characters out of 5726501
 1966960 words of memory out of 5000000
 39394 multiletter control sequences out of 15000+600000
 573457 words of font info for 138 fonts, out of 8000000 for 9000
 1141 hyphenation exceptions out of 8191
 70i,14n,79p,1356b,620s stack positions out of 10000i,1000n,20000p,200000b,200000s
 <C:\Users\rauc6\AppData\Local\MiKTeX\fonts/pk/ljfour/jknappen/ec/dpi600\tcrm
1000.pk> <C:\Users\rauc6\AppData\Local\MiKTeX\fonts/pk/ljfour/jknappen/ec/dpi60
0\tcrm0700.pk><C:/Users/rauc6/AppData/Local/Programs/MiKTeX/fonts/type1/public/
amsfonts/cm/cmbx10.pfb><C:/Users/rauc6/AppData/Local/Programs/MiKTeX/fonts/type
1/public/amsfonts/cm/cmbx12.pfb><C:/Users/rauc6/AppData/Local/Programs/MiKTeX/f
onts/type1/public/amsfonts/cm/cmex10.pfb><C:/Users/rauc6/AppData/Local/Programs
/MiKTeX/fonts/type1/public/amsfonts/cm/cmmi10.pfb><C:/Users/rauc6/AppData/Local
/Programs/MiKTeX/fonts/type1/public/amsfonts/cm/cmmi12.pfb><C:/Users/rauc6/AppD
ata/Local/Programs/MiKTeX/fonts/type1/public/amsfonts/cm/cmmi5.pfb><C:/Users/ra
uc6/AppData/Local/Programs/MiKTeX/fonts/type1/public/amsfonts/cm/cmmi7.pfb><C:/
Users/rauc6/AppData/Local/Programs/MiKTeX/fonts/type1/public/amsfonts/cm/cmmib1
0.pfb><C:/Users/rauc6/AppData/Local/Programs/MiKTeX/fonts/type1/public/amsfonts
/cm/cmr10.pfb><C:/Users/rauc6/AppData/Local/Programs/MiKTeX/fonts/type1/public/
amsfonts/cm/cmr12.pfb><C:/Users/rauc6/AppData/Local/Programs/MiKTeX/fonts/type1
/public/amsfonts/cm/cmr5.pfb><C:/Users/rauc6/AppData/Local/Programs/MiKTeX/font
s/type1/public/amsfonts/cm/cmr7.pfb><C:/Users/rauc6/AppData/Local/Programs/MiKT
eX/fonts/type1/public/amsfonts/cm/cmr8.pfb><C:/Users/rauc6/AppData/Local/Progra
ms/MiKTeX/fonts/type1/public/amsfonts/cm/cmss8.pfb><C:/Users/rauc6/AppData/Loca
l/Programs/MiKTeX/fonts/type1/public/amsfonts/cm/cmsy10.pfb><C:/Users/rauc6/App
Data/Local/Programs/MiKTeX/fonts/type1/public/amsfonts/cm/cmsy5.pfb><C:/Users/r
auc6/AppData/Local/Programs/MiKTeX/fonts/type1/public/amsfonts/cm/cmsy7.pfb><C:
/Users/rauc6/AppData/Local/Programs/MiKTeX/fonts/type1/public/amsfonts/cm/cmti1
0.pfb><C:/Users/rauc6/AppData/Local/Programs/MiKTeX/fonts/type1/public/amsfonts
/cm/cmtt10.pfb><C:/Users/rauc6/AppData/Local/Programs/MiKTeX/fonts/type1/public
/amsfonts/symbols/msbm10.pfb>
Output written on mRNA_Populations_PLOS_GENETICS.pdf (29 pages, 1961719 bytes).

PDF statistics:
 549 PDF objects out of 1000 (max. 8388607)
 131 named destinations out of 1000 (max. 500000)
 33504 words of extra memory for PDF output out of 35830 (max. 10000000)

