This is LuaHBTeX, Version 1.15.1 (MiKTeX 22.10) (format=luahblatex 2023.7.24)  24 JUL 2023 19:39
 restricted system commands enabled.
**"C:/Users/rurquidi/OneDrive - University of Tennessee/Documents/Research/poly
someModel/polysomeModel/mRNA_Populations.tex"

("C:/Users/rurquidi/OneDrive - University of Tennessee/Documents/Research/polys
omeModel/polysomeModel/mRNA_Populations.tex"
LaTeX2e <2022-06-01> patch level 5
Lua module: luaotfload 2022-10-03 3.23 Lua based OpenType font support
Lua module: lualibs 2022-10-04 2.75 ConTeXt Lua standard libraries.
Lua module: lualibs-extended 2022-10-04 2.75 ConTeXt Lua libraries -- extended c
ollection.
luaotfload | conf : Root cache directory is "C:/Users/rurquidi/AppData/Local/MiK
TeX/luatex-cache/generic/names".
luaotfload | init : Loading fontloader "fontloader-2022-10-03.lua" from kpse-res
olved path "C:/Users/rurquidi/AppData/Local/Programs/MiKTeX/tex/luatex/luaotfloa
d/fontloader-2022-10-03.lua".
Lua-only attribute luaotfload@noligature = 1
luaotfload | init : Context OpenType loader version 3.120
Inserting `luaotfload.node_processor' at position 1 in `pre_linebreak_filter'.
Inserting `luaotfload.node_processor' at position 1 in `hpack_filter'.
Inserting `luaotfload.glyph_stream' at position 1 in `glyph_stream_provider'.
Inserting `luaotfload.define_font' at position 1 in `define_font'.
luaotfload | load : FATAL ERROR
luaotfload | load :   × Failed to load "luaotfload" module "database".
luaotfload | load :   × Error message:
luaotfload | load :     × "...ams/MiKTeX/tex/luatex/luaotfload/luaotfload-datab
ase.lua:204: module 'lua-uni-case' not found:".
luaotfload | load :     × "no field package.preload['lua-uni-case']".
luaotfload | load :     × "[kpse lua searcher] file not found: 'lua-uni-case'".
